<?xml version="1.0" encoding="UTF-8"?>
<!-- Generated by org.testng.reporters.JUnitReportReporter -->
<testsuite hostname="LAPTOP-LEJ9M4GP" failures="0" tests="1" name="ammulu1_1.TesngCase1" time="5.044" errors="0" timestamp="2021-09-15T20:20:51 IST" skipped="0">
  <testcase classname="ammulu1_1.TesngCase1" name="VerifyOrangeHRM" time="5.044"/>
  <system-out>
    <![CDATA[Home Page Displayed
Username and password is displayed
login and clear is displayed
OrangeHrm is displayed
Welcome qaplanet1 is displayed
homepage is displayed]]>
  </system-out>
</testsuite> <!-- ammulu1_1.TesngCase1 -->
