<?xml version="1.0" encoding="UTF-8"?>
<!-- Generated by org.testng.reporters.JUnitReportReporter -->
<testsuite hostname="LAPTOP-LEJ9M4GP" failures="0" tests="2" name="ammulu1_1.Testng3" time="0.003" errors="0" timestamp="2021-09-15T20:20:51 IST" skipped="0">
  <testcase classname="ammulu1_1.Testng3" name="method1" time="0.002"/>
  <system-out/>
  <testcase classname="ammulu1_1.Testng3" name="method2" time="0.001"/>
  <system-out/>
</testsuite> <!-- ammulu1_1.Testng3 -->
