<?xml version="1.0" encoding="UTF-8"?>
<!-- Generated by org.testng.reporters.JUnitReportReporter -->
<testsuite hostname="LAPTOP-LEJ9M4GP" failures="0" tests="1" name="ammulu1_1.TestnCase2" time="3.141" errors="0" timestamp="2021-09-16T16:28:31 IST" skipped="0">
  <testcase classname="ammulu1_1.TestnCase2" name="VerifyOrangeHRM" time="3.141"/>
  <system-out>
    <![CDATA[homepage is displayed
Username and password displayed
OrangeHRM page is displayed
Welcomeqaplanet1is displayed
home page is displayed and signoff is successfull]]>
  </system-out>
</testsuite> <!-- ammulu1_1.TestnCase2 -->
